  [1m[36m (3.7ms)[0m  [1mCREATE TABLE "schema_migrations" ("version" varchar(255) NOT NULL) [0m
  [1m[35m (16.0ms)[0m  CREATE UNIQUE INDEX "unique_schema_migrations" ON "schema_migrations" ("version")
  [1m[36mActiveRecord::SchemaMigration Load (0.1ms)[0m  [1mSELECT "schema_migrations".* FROM "schema_migrations"[0m
  [1m[36mActiveRecord::SchemaMigration Load (0.4ms)[0m  [1mSELECT "schema_migrations".* FROM "schema_migrations"[0m
Migrating to CreateWipros (20150128224236)
  [1m[36mActiveRecord::SchemaMigration Load (0.2ms)[0m  [1mSELECT "schema_migrations".* FROM "schema_migrations"[0m
Migrating to CreateWipros (20150128224236)
  [1m[36mActiveRecord::SchemaMigration Load (0.1ms)[0m  [1mSELECT "schema_migrations".* FROM "schema_migrations"[0m
Migrating to CreateWipros (20150128224236)
  [1m[36mActiveRecord::SchemaMigration Load (0.1ms)[0m  [1mSELECT "schema_migrations".* FROM "schema_migrations"[0m
Migrating to CreateWipros (20150128224236)
  [1m[36mActiveRecord::SchemaMigration Load (0.1ms)[0m  [1mSELECT "schema_migrations".* FROM "schema_migrations"[0m
Migrating to CreateWipros (20150128224236)
  [1m[35m (0.1ms)[0m  begin transaction
  [1m[36m (0.2ms)[0m  [1mCREATE TABLE "wipros" ("id" INTEGER PRIMARY KEY AUTOINCREMENT NOT NULL, "wpid" INTEGER PRIMARY KEY AUTOINCREMENT NOT NULL, "wpname" text, "created_at" datetime, "updated_at" datetime) [0m
SQLite3::SQLException: table "wipros" has more than one primary key: CREATE TABLE "wipros" ("id" INTEGER PRIMARY KEY AUTOINCREMENT NOT NULL, "wpid" INTEGER PRIMARY KEY AUTOINCREMENT NOT NULL, "wpname" text, "created_at" datetime, "updated_at" datetime) 
  [1m[35m (0.1ms)[0m  rollback transaction
  [1m[36mActiveRecord::SchemaMigration Load (0.1ms)[0m  [1mSELECT "schema_migrations".* FROM "schema_migrations"[0m
Migrating to CreateWipros (20150128224236)
  [1m[35m (0.1ms)[0m  begin transaction
  [1m[36m (0.2ms)[0m  [1mCREATE TABLE "wipros" ("id" INTEGER PRIMARY KEY AUTOINCREMENT NOT NULL, "wpid" INTEGER PRIMARY KEY AUTOINCREMENT NOT NULL, "wpname" text) [0m
SQLite3::SQLException: table "wipros" has more than one primary key: CREATE TABLE "wipros" ("id" INTEGER PRIMARY KEY AUTOINCREMENT NOT NULL, "wpid" INTEGER PRIMARY KEY AUTOINCREMENT NOT NULL, "wpname" text) 
  [1m[35m (0.1ms)[0m  rollback transaction
  [1m[36mActiveRecord::SchemaMigration Load (0.1ms)[0m  [1mSELECT "schema_migrations".* FROM "schema_migrations"[0m
Migrating to CreateWipros (20150128224236)
  [1m[35m (0.1ms)[0m  begin transaction
  [1m[36m (0.6ms)[0m  [1mCREATE TABLE "wipros" ("id" INTEGER PRIMARY KEY AUTOINCREMENT NOT NULL, "wpid" varchar(255), "wpname" text) [0m
  [1m[35mSQL (0.3ms)[0m  INSERT INTO "schema_migrations" ("version") VALUES (?)  [["version", "20150128224236"]]
  [1m[36m (3.3ms)[0m  [1mcommit transaction[0m
Migrating to CreateHexFiles (20150221054432)
  [1m[35m (0.1ms)[0m  begin transaction
  [1m[36m (0.3ms)[0m  [1mCREATE TABLE "hex_files" ("id" INTEGER PRIMARY KEY AUTOINCREMENT NOT NULL, "created_at" datetime, "updated_at" datetime) [0m
  [1m[35mSQL (0.2ms)[0m  INSERT INTO "schema_migrations" ("version") VALUES (?)  [["version", "20150221054432"]]
  [1m[36m (10.0ms)[0m  [1mcommit transaction[0m
Migrating to AddAttachmentAvatarToUsers (20150221062211)
  [1m[35m (0.2ms)[0m  begin transaction
  [1m[36m (0.5ms)[0m  [1mALTER TABLE "users" ADD "avatar_file_name" varchar(255)[0m
SQLite3::SQLException: no such table: users: ALTER TABLE "users" ADD "avatar_file_name" varchar(255)
  [1m[35m (0.1ms)[0m  rollback transaction
  [1m[36mActiveRecord::SchemaMigration Load (0.2ms)[0m  [1mSELECT "schema_migrations".* FROM "schema_migrations"[0m
Migrating to CreatePosts (20150221063031)
  [1m[35m (0.1ms)[0m  begin transaction
  [1m[36m (0.4ms)[0m  [1mCREATE TABLE "posts" ("id" INTEGER PRIMARY KEY AUTOINCREMENT NOT NULL, "server" varchar(255), "hexfile_file_name" varchar(255), "hexfile_content_type" varchar(255), "hexfile_file_size" integer, "hexfile_updated_at" datetime, "created_at" datetime, "updated_at" datetime) [0m
  [1m[35mSQL (0.2ms)[0m  INSERT INTO "schema_migrations" ("version") VALUES (?)  [["version", "20150221063031"]]
  [1m[36m (2.5ms)[0m  [1mcommit transaction[0m
Migrating to CreateHexes (20150221174317)
  [1m[35m (0.1ms)[0m  begin transaction
  [1m[36m (0.3ms)[0m  [1mCREATE TABLE "hexes" ("id" INTEGER PRIMARY KEY AUTOINCREMENT NOT NULL, "name" varchar(255), "attachment" varchar(255), "created_at" datetime, "updated_at" datetime) [0m
  [1m[35mSQL (0.2ms)[0m  INSERT INTO "schema_migrations" ("version") VALUES (?)  [["version", "20150221174317"]]
  [1m[36m (3.6ms)[0m  [1mcommit transaction[0m
  [1m[35mActiveRecord::SchemaMigration Load (0.1ms)[0m  SELECT "schema_migrations".* FROM "schema_migrations"
